<?xml version="1.0" encoding="UTF-8"?>
<!-- Generated by org.testng.reporters.JUnitXMLReporter -->
<testsuite ignored="0" hostname="DESKTOP-LOMA9A8" failures="1" tests="2" name="Test" time="32.239" errors="0" timestamp="2024-11-13T09:14:37 IST">
  <testcase classname="TestCases.TC001_AccountRegistrationTest" name="verfy_account_registration" time="5.509">
    <failure type="java.lang.AssertionError" message="null">
      <![CDATA[java.lang.AssertionError: null
at TestCases.TC001_AccountRegistrationTest.verfy_account_registration(TC001_AccountRegistrationTest.java:68)
at java.base/java.util.ArrayList.forEach(ArrayList.java:1596)
... Removed 31 stack frames]]>
    </failure>
  </testcase> <!-- verfy_account_registration -->
  <testcase classname="TestCases.TC002_LoginTest" name="verify_login" time="4.998"/>
</testsuite> <!-- Test -->
