<?xml version="1.0" encoding="UTF-8"?>
<!-- Generated by org.testng.reporters.JUnitXMLReporter -->
<testsuite ignored="0" hostname="DESKTOP-LOMA9A8" failures="0" tests="3" name="Test" time="197.947" errors="0" timestamp="2024-11-15T14:34:58 IST">
  <testcase classname="TestCases.TC001_AccountRegistrationTest" name="verfy_account_registration" time="32.766"/>
  <testcase classname="TestCases.TC002_LoginTest" name="verify_login" time="11.768"/>
  <testcase classname="TestCases.TC004_Add_To_Cart" name="AddToCart" time="70.714"/>
</testsuite> <!-- Test -->
