<?xml version="1.0" encoding="UTF-8"?>
<!-- Generated by org.testng.reporters.JUnitXMLReporter -->
<testsuite ignored="0" hostname="DESKTOP-LOMA9A8" failures="1" tests="3" name="Test" time="210.951" errors="0" timestamp="2024-11-21T11:25:29 IST">
  <testcase classname="TestCases.TC001_AccountRegistrationTest" name="verfy_account_registration" time="23.54">
    <failure type="java.lang.AssertionError" message="null">
      <![CDATA[java.lang.AssertionError: null
at TestCases.TC001_AccountRegistrationTest.verfy_account_registration(TC001_AccountRegistrationTest.java:68)
at java.base/java.util.ArrayList.forEach(ArrayList.java:1596)
... Removed 27 stack frames]]>
    </failure>
  </testcase> <!-- verfy_account_registration -->
  <testcase classname="TestCases.TC002_LoginTest" name="verify_login" time="15.168"/>
  <testcase classname="TestCases.TC004_Add_To_Cart" name="AddToCart" time="65.481"/>
</testsuite> <!-- Test -->
