<?xml version="1.0" encoding="UTF-8"?>
<testng-results ignored="0" total="1" passed="1" failed="0" skipped="0">
  <reporter-output>
  </reporter-output>
  <suite started-at="2024-11-15T10:21:14 IST" name="Master Suite" finished-at="2024-11-15T10:22:27 IST" duration-ms="73796">
    <groups>
      <group name="Master">
        <method signature="TC004_Add_To_Cart.AddToCart()[pri:0, instance:TestCases.TC004_Add_To_Cart@78641d23]" name="AddToCart" class="TestCases.TC004_Add_To_Cart"/>
      </group> <!-- Master -->
      <group name="Regression">
        <method signature="TC004_Add_To_Cart.AddToCart()[pri:0, instance:TestCases.TC004_Add_To_Cart@78641d23]" name="AddToCart" class="TestCases.TC004_Add_To_Cart"/>
      </group> <!-- Regression -->
    </groups>
    <test started-at="2024-11-15T10:21:14 IST" name="Test" finished-at="2024-11-15T10:22:27 IST" duration-ms="73796">
      <class name="TestCases.TC004_Add_To_Cart">
        <test-method is-config="true" signature="setup(java.lang.String,java.lang.String)[pri:0, instance:TestCases.TC004_Add_To_Cart@78641d23]" started-at="2024-11-15T10:21:15 IST" name="setup" finished-at="2024-11-15T10:21:35 IST" duration-ms="19748" status="PASS">
          <params>
            <param index="0">
              <value>
                <![CDATA[Windows]]>
              </value>
            </param>
            <param index="1">
              <value>
                <![CDATA[chrome]]>
              </value>
            </param>
          </params>
          <reporter-output>
          </reporter-output>
        </test-method> <!-- setup -->
        <test-method signature="AddToCart()[pri:0, instance:TestCases.TC004_Add_To_Cart@78641d23]" started-at="2024-11-15T10:21:35 IST" name="AddToCart" finished-at="2024-11-15T10:22:20 IST" duration-ms="44634" status="PASS">
          <reporter-output>
          </reporter-output>
        </test-method> <!-- AddToCart -->
        <test-method is-config="true" signature="tearDown()[pri:0, instance:TestCases.TC004_Add_To_Cart@78641d23]" started-at="2024-11-15T10:22:20 IST" name="tearDown" finished-at="2024-11-15T10:22:27 IST" duration-ms="7560" status="PASS">
          <reporter-output>
          </reporter-output>
        </test-method> <!-- tearDown -->
      </class> <!-- TestCases.TC004_Add_To_Cart -->
    </test> <!-- Test -->
  </suite> <!-- Master Suite -->
</testng-results>
