<?xml version="1.0" encoding="UTF-8"?>
<testng-results ignored="0" total="2" passed="2" failed="0" skipped="0">
  <reporter-output>
  </reporter-output>
  <suite started-at="2025-02-02T13:56:47 IST" name="Master Suite" finished-at="2025-02-02T13:57:29 IST" duration-ms="41815">
    <groups>
      <group name="Master">
        <method signature="TC001_AccountRegistrationTest.verfy_account_registration()[pri:0, instance:TestCases.TC001_AccountRegistrationTest@515aebb0]" name="verfy_account_registration" class="TestCases.TC001_AccountRegistrationTest"/>
        <method signature="TC002_LoginTest.verify_login()[pri:0, instance:TestCases.TC002_LoginTest@595b007d]" name="verify_login" class="TestCases.TC002_LoginTest"/>
      </group> <!-- Master -->
      <group name="Sanity">
        <method signature="TC002_LoginTest.verify_login()[pri:0, instance:TestCases.TC002_LoginTest@595b007d]" name="verify_login" class="TestCases.TC002_LoginTest"/>
      </group> <!-- Sanity -->
      <group name="Regression">
        <method signature="TC001_AccountRegistrationTest.verfy_account_registration()[pri:0, instance:TestCases.TC001_AccountRegistrationTest@515aebb0]" name="verfy_account_registration" class="TestCases.TC001_AccountRegistrationTest"/>
      </group> <!-- Regression -->
    </groups>
    <test started-at="2025-02-02T13:56:47 IST" name="Test" finished-at="2025-02-02T13:57:29 IST" duration-ms="41815">
      <class name="TestCases.TC001_AccountRegistrationTest">
        <test-method is-config="true" signature="setup(java.lang.String,java.lang.String)[pri:0, instance:TestCases.TC001_AccountRegistrationTest@515aebb0]" started-at="2025-02-02T13:56:49 IST" name="setup" finished-at="2025-02-02T13:57:06 IST" duration-ms="17356" status="PASS">
          <params>
            <param index="0">
              <value>
                <![CDATA[Windows]]>
              </value>
            </param>
            <param index="1">
              <value>
                <![CDATA[chrome]]>
              </value>
            </param>
          </params>
          <reporter-output>
          </reporter-output>
        </test-method> <!-- setup -->
        <test-method signature="verfy_account_registration()[pri:0, instance:TestCases.TC001_AccountRegistrationTest@515aebb0]" started-at="2025-02-02T13:57:06 IST" name="verfy_account_registration" finished-at="2025-02-02T13:57:14 IST" duration-ms="7660" status="PASS">
          <reporter-output>
          </reporter-output>
        </test-method> <!-- verfy_account_registration -->
        <test-method is-config="true" signature="tearDown()[pri:0, instance:TestCases.TC001_AccountRegistrationTest@515aebb0]" started-at="2025-02-02T13:57:14 IST" name="tearDown" finished-at="2025-02-02T13:57:15 IST" duration-ms="758" status="PASS">
          <reporter-output>
          </reporter-output>
        </test-method> <!-- tearDown -->
      </class> <!-- TestCases.TC001_AccountRegistrationTest -->
      <class name="TestCases.TC002_LoginTest">
        <test-method is-config="true" signature="setup(java.lang.String,java.lang.String)[pri:0, instance:TestCases.TC002_LoginTest@595b007d]" started-at="2025-02-02T13:57:15 IST" name="setup" finished-at="2025-02-02T13:57:23 IST" duration-ms="8962" status="PASS">
          <params>
            <param index="0">
              <value>
                <![CDATA[Windows]]>
              </value>
            </param>
            <param index="1">
              <value>
                <![CDATA[chrome]]>
              </value>
            </param>
          </params>
          <reporter-output>
          </reporter-output>
        </test-method> <!-- setup -->
        <test-method signature="verify_login()[pri:0, instance:TestCases.TC002_LoginTest@595b007d]" started-at="2025-02-02T13:57:23 IST" name="verify_login" finished-at="2025-02-02T13:57:28 IST" duration-ms="4637" status="PASS">
          <reporter-output>
          </reporter-output>
        </test-method> <!-- verify_login -->
        <test-method is-config="true" signature="tearDown()[pri:0, instance:TestCases.TC002_LoginTest@595b007d]" started-at="2025-02-02T13:57:28 IST" name="tearDown" finished-at="2025-02-02T13:57:29 IST" duration-ms="1032" status="PASS">
          <reporter-output>
          </reporter-output>
        </test-method> <!-- tearDown -->
      </class> <!-- TestCases.TC002_LoginTest -->
    </test> <!-- Test -->
  </suite> <!-- Master Suite -->
</testng-results>
